# JRE version: OpenJDK Runtime Environment (8.0_242-b01) (build 1.8.0_242-release-1644-b01)
# Java VM: OpenJDK 64-Bit Server VM (25.242-b01 mixed mode windows-amd64 compressed oops)
Heap:
 PSYoungGen      total 141824K, used 43263K [0x000000076b100000, 0x0000000774600000, 0x00000007c0000000)
  eden space 131072K, 33% used [0x000000076b100000,0x000000076db3fc30,0x0000000773100000)
  from space 10752K, 0% used [0x0000000773b80000,0x0000000773b80000,0x0000000774600000)
  to   space 10752K, 0% used [0x0000000773100000,0x0000000773100000,0x0000000773b80000)
 ParOldGen       total 139776K, used 22108K [0x00000006c1200000, 0x00000006c9a80000, 0x000000076b100000)
  object space 139776K, 15% used [0x00000006c1200000,0x00000006c27973f0,0x00000006c9a80000)
 Metaspace       used 26042K, capacity 26528K, committed 26880K, reserved 1073152K
  class space    used 3342K, capacity 3494K, committed 3584K, reserved 1048576K
GC Heap History (6 events):
Event: 0.669 GC heap before
{Heap before GC invocations=1 (full 0):
 PSYoungGen      total 76288K, used 65536K [0x000000076b100000, 0x0000000770600000, 0x00000007c0000000)
  eden space 65536K, 100% used [0x000000076b100000,0x000000076f100000,0x000000076f100000)
  from space 10752K, 0% used [0x000000076fb80000,0x000000076fb80000,0x0000000770600000)
  to   space 10752K, 0% used [0x000000076f100000,0x000000076f100000,0x000000076fb80000)
 ParOldGen       total 175104K, used 0K [0x00000006c1200000, 0x00000006cbd00000, 0x000000076b100000)
  object space 175104K, 0% used [0x00000006c1200000,0x00000006c1200000,0x00000006cbd00000)
 Metaspace       used 15768K, capacity 15986K, committed 16256K, reserved 1062912K
  class space    used 1795K, capacity 1867K, committed 1920K, reserved 1048576K
Event: 0.678 GC heap after
Heap after GC invocations=1 (full 0):
 PSYoungGen      total 76288K, used 10730K [0x000000076b100000, 0x0000000774600000, 0x00000007c0000000)
  eden space 65536K, 0% used [0x000000076b100000,0x000000076b100000,0x000000076f100000)
  from space 10752K, 99% used [0x000000076f100000,0x000000076fb7a960,0x000000076fb80000)
  to   space 10752K, 0% used [0x0000000773b80000,0x0000000773b80000,0x0000000774600000)
 ParOldGen       total 175104K, used 4804K [0x00000006c1200000, 0x00000006cbd00000, 0x000000076b100000)
  object space 175104K, 2% used [0x00000006c1200000,0x00000006c16b11f0,0x00000006cbd00000)
 Metaspace       used 15768K, capacity 15986K, committed 16256K, reserved 1062912K
  class space    used 1795K, capacity 1867K, committed 1920K, reserved 1048576K
}
Event: 0.910 GC heap before
{Heap before GC invocations=2 (full 0):
 PSYoungGen      total 76288K, used 43171K [0x000000076b100000, 0x0000000774600000, 0x00000007c0000000)
  eden space 65536K, 49% used [0x000000076b100000,0x000000076d0ae528,0x000000076f100000)
  from space 10752K, 99% used [0x000000076f100000,0x000000076fb7a960,0x000000076fb80000)
  to   space 10752K, 0% used [0x0000000773b80000,0x0000000773b80000,0x0000000774600000)
 ParOldGen       total 175104K, used 4804K [0x00000006c1200000, 0x00000006cbd00000, 0x000000076b100000)
  object space 175104K, 2% used [0x00000006c1200000,0x00000006c16b11f0,0x00000006cbd00000)
 Metaspace       used 20719K, capacity 21096K, committed 21248K, reserved 1069056K
  class space    used 2370K, capacity 2504K, committed 2560K, reserved 1048576K
Event: 0.920 GC heap after
Heap after GC invocations=2 (full 0):
 PSYoungGen      total 141824K, used 10737K [0x000000076b100000, 0x0000000774600000, 0x00000007c0000000)
  eden space 131072K, 0% used [0x000000076b100000,0x000000076b100000,0x0000000773100000)
  from space 10752K, 99% used [0x0000000773b80000,0x00000007745fc790,0x0000000774600000)
  to   space 10752K, 0% used [0x0000000773100000,0x0000000773100000,0x0000000773b80000)
 ParOldGen       total 175104K, used 16383K [0x00000006c1200000, 0x00000006cbd00000, 0x000000076b100000)
  object space 175104K, 9% used [0x00000006c1200000,0x00000006c21ffd90,0x00000006cbd00000)
 Metaspace       used 20719K, capacity 21096K, committed 21248K, reserved 1069056K
  class space    used 2370K, capacity 2504K, committed 2560K, reserved 1048576K
}
Event: 0.920 GC heap before
{Heap before GC invocations=3 (full 1):
 PSYoungGen      total 141824K, used 10737K [0x000000076b100000, 0x0000000774600000, 0x00000007c0000000)
  eden space 131072K, 0% used [0x000000076b100000,0x000000076b100000,0x0000000773100000)
  from space 10752K, 99% used [0x0000000773b80000,0x00000007745fc790,0x0000000774600000)
  to   space 10752K, 0% used [0x0000000773100000,0x0000000773100000,0x0000000773b80000)
 ParOldGen       total 175104K, used 16383K [0x00000006c1200000, 0x00000006cbd00000, 0x000000076b100000)
  object space 175104K, 9% used [0x00000006c1200000,0x00000006c21ffd90,0x00000006cbd00000)
 Metaspace       used 20719K, capacity 21096K, committed 21248K, reserved 1069056K
  class space    used 2370K, capacity 2504K, committed 2560K, reserved 1048576K
Event: 0.956 GC heap after
Heap after GC invocations=3 (full 1):
 PSYoungGen      total 141824K, used 0K [0x000000076b100000, 0x0000000774600000, 0x00000007c0000000)
  eden space 131072K, 0% used [0x000000076b100000,0x000000076b100000,0x0000000773100000)
  from space 10752K, 0% used [0x0000000773b80000,0x0000000773b80000,0x0000000774600000)
  to   space 10752K, 0% used [0x0000000773100000,0x0000000773100000,0x0000000773b80000)
 ParOldGen       total 139776K, used 22108K [0x00000006c1200000, 0x00000006c9a80000, 0x000000076b100000)
  object space 139776K, 15% used [0x00000006c1200000,0x00000006c27973f0,0x00000006c9a80000)
 Metaspace       used 20719K, capacity 21096K, committed 21248K, reserved 1069056K
  class space    used 2370K, capacity 2504K, committed 2560K, reserved 1048576K
}

